#
# A fatal error has been detected by the Java Runtime Environment:
#
#  EXCEPTION_ACCESS_VIOLATION (0xc0000005) at pc=0x000007feff4611cb, pid=11008, tid=10620
#
# JRE version: 7.0_13-b20
# Java VM: Java HotSpot(TM) 64-Bit Server VM (23.7-b01 mixed mode windows-amd64 compressed oops)
# Problematic frame:
# C  [msvcrt.dll+0x11cb]
#
# Failed to write core dump. Minidumps are not enabled by default on client versions of Windows
#
# If you would like to submit a bug report, please visit:
#   http://bugreport.sun.com/bugreport/crash.jsp
# The crash happened outside the Java Virtual Machine in native code.
# See problematic frame for where to report the bug.
#

---------------  T H R E A D  ---------------

Current thread (0x000000000feed800):  JavaThread "LWJGL Application" [_thread_in_native, id=10620, stack(0x0000000011c10000,0x0000000011d10000)]

siginfo: ExceptionCode=0xc0000005, writing address 0x0000000000000000

Registers:
RAX=0xc2000000c1a80000, RBX=0x000000000feed9d8, RCX=0x0000000000000020, RDX=0x00000000e4d29120
RSP=0x0000000011d0ec68, RBP=0x0000000000000000, RSI=0x0000000011d0ed00, RDI=0x00000000e4d29120
R8 =0x0000000000000740, R9 =0x000000000000003a, R10=0xfe00000000000000, R11=0x0000000000000000
R12=0x0000000000000000, R13=0x00000000000001d0, R14=0x0000000011d0ed30, R15=0x000000000feed800
RIP=0x000007feff4611cb, EFLAGS=0x0000000000010202

Top of Stack: (sp=0x0000000011d0ec68)
0x0000000011d0ec68:   00000000655ab407 000000000feed9d8
0x0000000011d0ec78:   0000000000000000 0000000011d0ed00
0x0000000011d0ec88:   00000000027e39ce 00000000a1cd7268
0x0000000011d0ec98:   00000000a1cd7268 00000000e4a15958
0x0000000011d0eca8:   0000000000000000 0000000011d0ed40
0x0000000011d0ecb8:   0000000000000000 00000000000001cc
0x0000000011d0ecc8:   00000000027e39ce 9b00b6c0fffffffe
0x0000000011d0ecd8:   00000000a1cd7268 5e314447a19c46f0
0x0000000011d0ece8:   00000000a1b0a840 00000000000001d0
0x0000000011d0ecf8:   0000000000000000 00000000e4d29110
0x0000000011d0ed08:   00000000e4d29000 00000000e4a16118
0x0000000011d0ed18:   0000000000000010 0000000000000000
0x0000000011d0ed28:   00000000a1a29ba0 00000000a197dbe8
0x0000000011d0ed38:   00000000a1b0ad08 00000000e4d29000
0x0000000011d0ed48:   0000000002945f3c 00000000a1c71530
0x0000000011d0ed58:   0000000002880eb4 00000000e4d28e70 

Instructions: (pc=0x000007feff4611cb)
0x000007feff4611ab:   eb b9 49 8b c3 c3 49 81 f9 00 20 00 00 0f 83 d9
0x000007feff4611bb:   45 01 00 48 8b 04 0a 4c 8b 54 0a 08 48 83 c1 20
0x000007feff4611cb:   48 89 41 e0 4c 89 51 e8 48 8b 44 0a f0 4c 8b 54
0x000007feff4611db:   0a f8 49 ff c9 48 89 41 f0 4c 89 51 f8 75 d4 49 


Register to memory mapping:

RAX=0xc2000000c1a80000 is an unknown value
RBX=0x000000000feed9d8 is an unknown value
RCX=0x0000000000000020 is an unknown value
RDX=0x00000000e4d29120 is an unknown value
RSP=0x0000000011d0ec68 is pointing into the stack for thread: 0x000000000feed800
RBP=0x0000000000000000 is an unknown value
RSI=0x0000000011d0ed00 is pointing into the stack for thread: 0x000000000feed800
RDI=0x00000000e4d29120 is an unknown value
R8 =0x0000000000000740 is an unknown value
R9 =0x000000000000003a is an unknown value
R10=0xfe00000000000000 is an unknown value
R11=0x0000000000000000 is an unknown value
R12=0x0000000000000000 is an unknown value
R13=0x00000000000001d0 is an unknown value
R14=0x0000000011d0ed30 is pointing into the stack for thread: 0x000000000feed800
R15=0x000000000feed800 is a thread


Stack: [0x0000000011c10000,0x0000000011d10000],  sp=0x0000000011d0ec68,  free space=1019k
Native frames: (J=compiled Java code, j=interpreted, Vv=VM code, C=native code)
C  [msvcrt.dll+0x11cb]

[error occurred during error reporting (printing native stack), id 0xc0000005]

Java frames: (J=compiled Java code, j=interpreted, Vv=VM code)
J  com.badlogic.gdx.utils.BufferUtils.copyJni([FLjava/nio/Buffer;II)V
J  com.badlogic.gdx.graphics.glutils.ShapeRenderer.end()V
J  GDX.Render.renderGrid()V
J  com.badlogic.gdx.backends.lwjgl.LwjglApplication.mainLoop()V
j  com.badlogic.gdx.backends.lwjgl.LwjglApplication$1.run()V+27
v  ~StubRoutines::call_stub

---------------  P R O C E S S  ---------------

Java Threads: ( => current thread )
  0x00000000108cb000 JavaThread "DestroyJavaVM" [_thread_blocked, id=5436, stack(0x00000000024f0000,0x00000000025f0000)]
  0x00000000108ca800 JavaThread "Thread-12" [_thread_blocked, id=10812, stack(0x000000001ab50000,0x000000001ac50000)]
  0x00000000108c9800 JavaThread "pool-3-thread-1" [_thread_blocked, id=3964, stack(0x000000001a910000,0x000000001aa10000)]
  0x00000000108c9000 JavaThread "Thread-11" [_thread_blocked, id=10520, stack(0x000000001a6d0000,0x000000001a7d0000)]
  0x00000000108c8000 JavaThread "pool-2-thread-1" [_thread_blocked, id=10328, stack(0x000000001a7d0000,0x000000001a8d0000)]
  0x00000000108c7800 JavaThread "Client" daemon [_thread_in_native, id=10548, stack(0x0000000019db0000,0x0000000019eb0000)]
  0x00000000108c6800 JavaThread "Server" [_thread_in_native, id=10096, stack(0x0000000019c80000,0x0000000019d80000)]
  0x00000000108c4800 JavaThread "D3D Screen Updater" daemon [_thread_in_native, id=10472, stack(0x0000000018170000,0x0000000018270000)]
  0x00000000108c3800 JavaThread "Thread-10" [_thread_in_Java, id=11156, stack(0x0000000018e30000,0x0000000018f30000)]
  0x00000000108c3000 JavaThread "LWJGL Timer" daemon [_thread_blocked, id=9376, stack(0x00000000182b0000,0x00000000183b0000)]
  0x0000000010622800 JavaThread "TimerQueue" daemon [_thread_blocked, id=3844, stack(0x0000000016e90000,0x0000000016f90000)]
  0x0000000010b6b800 JavaThread "AWT-EventQueue-0" [_thread_blocked, id=9732, stack(0x0000000016c90000,0x0000000016d90000)]
  0x000000000fffe000 JavaThread "Thread-7" [_thread_blocked, id=9660, stack(0x0000000014880000,0x0000000014980000)]
  0x000000000fe91800 JavaThread "AWT-Windows" daemon [_thread_in_native, id=10824, stack(0x0000000012a50000,0x0000000012b50000)]
  0x000000000fd99000 JavaThread "AWT-Shutdown" [_thread_blocked, id=9440, stack(0x0000000012c30000,0x0000000012d30000)]
=>0x000000000feed800 JavaThread "LWJGL Application" [_thread_in_native, id=10620, stack(0x0000000011c10000,0x0000000011d10000)]
  0x00000000107ab800 JavaThread "Java2D Disposer" daemon [_thread_blocked, id=9472, stack(0x00000000116a0000,0x00000000117a0000)]
  0x000000000fa61000 JavaThread "derby.rawStoreDaemon" daemon [_thread_blocked, id=9616, stack(0x00000000104e0000,0x00000000105e0000)]
  0x000000000f9e5800 JavaThread "Timer-0" daemon [_thread_blocked, id=9504, stack(0x00000000102c0000,0x00000000103c0000)]
  0x000000000c98c800 JavaThread "Abandoned connection cleanup thread" daemon [_thread_blocked, id=10940, stack(0x000000000f880000,0x000000000f980000)]
  0x000000000c978000 JavaThread "Thread-1" daemon [_thread_blocked, id=10844, stack(0x000000000f2e0000,0x000000000f3e0000)]
  0x000000000c96c000 JavaThread "Java Sound Event Dispatcher" daemon [_thread_blocked, id=9956, stack(0x000000000e970000,0x000000000ea70000)]
  0x000000000c84e000 JavaThread "Service Thread" daemon [_thread_blocked, id=9880, stack(0x000000000c2c0000,0x000000000c3c0000)]
  0x000000000c843000 JavaThread "C2 CompilerThread1" daemon [_thread_blocked, id=1416, stack(0x000000000d080000,0x000000000d180000)]
  0x000000000c82d000 JavaThread "C2 CompilerThread0" daemon [_thread_blocked, id=11100, stack(0x000000000cef0000,0x000000000cff0000)]
  0x000000000c82c000 JavaThread "Attach Listener" daemon [_thread_blocked, id=10656, stack(0x000000000cd10000,0x000000000ce10000)]
  0x000000000c82b000 JavaThread "Signal Dispatcher" daemon [_thread_blocked, id=10352, stack(0x000000000cbe0000,0x000000000cce0000)]
  0x000000000a687800 JavaThread "Finalizer" daemon [_thread_blocked, id=10736, stack(0x000000000c6e0000,0x000000000c7e0000)]
  0x000000000a67d800 JavaThread "Reference Handler" daemon [_thread_blocked, id=10560, stack(0x000000000c540000,0x000000000c640000)]

Other Threads:
  0x000000000a677800 VMThread [stack: 0x000000000c440000,0x000000000c540000] [id=10512]
  0x000000000c867000 WatcherThread [stack: 0x000000000d190000,0x000000000d290000] [id=5416]

VM state:not at safepoint (normal execution)

VM Mutex/Monitor currently owned by a thread: None

Heap
 PSYoungGen      total 173248K, used 106293K [0x00000000e00b0000, 0x00000000ec160000, 0x0000000100000000)
  eden space 161152K, 59% used [0x00000000e00b0000,0x00000000e5e55440,0x00000000e9e10000)
  from space 12096K, 85% used [0x00000000e9e10000,0x00000000ea838000,0x00000000ea9e0000)
  to   space 12224K, 0% used [0x00000000eb570000,0x00000000eb570000,0x00000000ec160000)
 ParOldGen       total 949376K, used 928030K [0x00000000a0200000, 0x00000000da120000, 0x00000000e00b0000)
  object space 949376K, 97% used [0x00000000a0200000,0x00000000d8c47b20,0x00000000da120000)
 PSPermGen       total 29760K, used 29338K [0x000000009b000000, 0x000000009cd10000, 0x00000000a0200000)
  object space 29760K, 98% used [0x000000009b000000,0x000000009cca69f0,0x000000009cd10000)

Card table byte_map: [0x00000000055f0000,0x0000000005920000] byte_map_base: 0x0000000005118000

Polling page: 0x0000000000430000

Code Cache  [0x00000000025f0000, 0x0000000002950000, 0x00000000055f0000)
 total_blobs=2035 nmethods=1218 adapters=768 free_code_cache=45789Kb largest_free_block=46807360

Compilation events (10 events):
Event: 1910.895 Thread 0x000000000c843000 1296             com.badlogic.gdx.backends.lwjgl.LwjglInput::updateKeyboard (350 bytes)
Event: 1910.903 Thread 0x000000000c843000 nmethod 1296 0x00000000028b2190 code [0x00000000028b2460, 0x00000000028b30a0]
Event: 1936.298 Thread 0x000000000c82d000 1297             com.badlogic.gdx.utils.BufferUtils::newFloatBuffer (20 bytes)
Event: 1936.301 Thread 0x000000000c82d000 nmethod 1297 0x000000000284e3d0 code [0x000000000284e520, 0x000000000284e6c8]
Event: 1962.285 Thread 0x000000000c843000 1298             org.lwjgl.opengl.GL20::glAttachShader (20 bytes)
Event: 1962.287 Thread 0x000000000c843000 nmethod 1298 0x0000000002947cd0 code [0x0000000002947e20, 0x0000000002947f08]
Event: 1998.468 Thread 0x000000000c82d000 1299   !         com.esotericsoftware.kryonet.Server::update (1423 bytes)
Event: 1998.491 Thread 0x000000000c82d000 nmethod 1299 0x0000000002949590 code [0x0000000002949880, 0x000000000294ad68]
Event: 2120.822 Thread 0x000000000c843000 1300             org.lwjgl.opengl.GL20::glGetProgram (31 bytes)
Event: 2120.824 Thread 0x000000000c843000 nmethod 1300 0x00000000028b44d0 code [0x00000000028b4620, 0x00000000028b47a8]

GC Heap History (10 events):
Event: 3291.295 GC heap before
{Heap before GC invocations=5169 (full 36):
 PSYoungGen      total 147968K, used 147968K [0x00000000e00b0000, 0x00000000ea1c0000, 0x0000000100000000)
  eden space 139712K, 100% used [0x00000000e00b0000,0x00000000e8920000,0x00000000e8920000)
  from space 8256K, 100% used [0x00000000e9890000,0x00000000ea0a0000,0x00000000ea0a0000)
  to   space 12608K, 0% used [0x00000000e8920000,0x00000000e8920000,0x00000000e9570000)
 ParOldGen       total 949376K, used 925886K [0x00000000a0200000, 0x00000000da120000, 0x00000000e00b0000)
  object space 949376K, 97% used [0x00000000a0200000,0x00000000d8a2fb20,0x00000000da120000)
 PSPermGen       total 29760K, used 29338K [0x000000009b000000, 0x000000009cd10000, 0x00000000a0200000)
  object space 29760K, 98% used [0x000000009b000000,0x000000009cca69f0,0x000000009cd10000)
Event: 3291.305 GC heap after
Heap after GC invocations=5169 (full 36):
 PSYoungGen      total 152320K, used 7744K [0x00000000e00b0000, 0x00000000eabf0000, 0x0000000100000000)
  eden space 139712K, 0% used [0x00000000e00b0000,0x00000000e00b0000,0x00000000e8920000)
  from space 12608K, 61% used [0x00000000e8920000,0x00000000e90b0000,0x00000000e9570000)
  to   space 12608K, 0% used [0x00000000e9fa0000,0x00000000e9fa0000,0x00000000eabf0000)
 ParOldGen       total 949376K, used 927366K [0x00000000a0200000, 0x00000000da120000, 0x00000000e00b0000)
  object space 949376K, 97% used [0x00000000a0200000,0x00000000d8ba1b20,0x00000000da120000)
 PSPermGen       total 29760K, used 29338K [0x000000009b000000, 0x000000009cd10000, 0x00000000a0200000)
  object space 29760K, 98% used [0x000000009b000000,0x000000009cca69f0,0x000000009cd10000)
}
Event: 3293.984 GC heap before
{Heap before GC invocations=5170 (full 36):
 PSYoungGen      total 152320K, used 147456K [0x00000000e00b0000, 0x00000000eabf0000, 0x0000000100000000)
  eden space 139712K, 100% used [0x00000000e00b0000,0x00000000e8920000,0x00000000e8920000)
  from space 12608K, 61% used [0x00000000e8920000,0x00000000e90b0000,0x00000000e9570000)
  to   space 12608K, 0% used [0x00000000e9fa0000,0x00000000e9fa0000,0x00000000eabf0000)
 ParOldGen       total 949376K, used 927366K [0x00000000a0200000, 0x00000000da120000, 0x00000000e00b0000)
  object space 949376K, 97% used [0x00000000a0200000,0x00000000d8ba1b20,0x00000000da120000)
 PSPermGen       total 29760K, used 29338K [0x000000009b000000, 0x000000009cd10000, 0x00000000a0200000)
  object space 29760K, 98% used [0x000000009b000000,0x000000009cca69f0,0x000000009cd10000)
Event: 3293.994 GC heap after
Heap after GC invocations=5170 (full 36):
 PSYoungGen      total 162240K, used 8608K [0x00000000e00b0000, 0x00000000eab80000, 0x0000000100000000)
  eden space 150080K, 0% used [0x00000000e00b0000,0x00000000e00b0000,0x00000000e9340000)
  from space 12160K, 70% used [0x00000000e9fa0000,0x00000000ea808000,0x00000000eab80000)
  to   space 12416K, 0% used [0x00000000e9340000,0x00000000e9340000,0x00000000e9f60000)
 ParOldGen       total 949376K, used 927366K [0x00000000a0200000, 0x00000000da120000, 0x00000000e00b0000)
  object space 949376K, 97% used [0x00000000a0200000,0x00000000d8ba1b20,0x00000000da120000)
 PSPermGen       total 29760K, used 29338K [0x000000009b000000, 0x000000009cd10000, 0x00000000a0200000)
  object space 29760K, 98% used [0x000000009b000000,0x000000009cca69f0,0x000000009cd10000)
}
Event: 3296.853 GC heap before
{Heap before GC invocations=5171 (full 36):
 PSYoungGen      total 162240K, used 158688K [0x00000000e00b0000, 0x00000000eab80000, 0x0000000100000000)
  eden space 150080K, 100% used [0x00000000e00b0000,0x00000000e9340000,0x00000000e9340000)
  from space 12160K, 70% used [0x00000000e9fa0000,0x00000000ea808000,0x00000000eab80000)
  to   space 12416K, 0% used [0x00000000e9340000,0x00000000e9340000,0x00000000e9f60000)
 ParOldGen       total 949376K, used 927366K [0x00000000a0200000, 0x00000000da120000, 0x00000000e00b0000)
  object space 949376K, 97% used [0x00000000a0200000,0x00000000d8ba1b20,0x00000000da120000)
 PSPermGen       total 29760K, used 29338K [0x000000009b000000, 0x000000009cd10000, 0x00000000a0200000)
  object space 29760K, 98% used [0x000000009b000000,0x000000009cca69f0,0x000000009cd10000)
Event: 3296.863 GC heap after
Heap after GC invocations=5171 (full 36):
 PSYoungGen      total 162496K, used 8960K [0x00000000e00b0000, 0x00000000eb5d0000, 0x0000000100000000)
  eden space 150080K, 0% used [0x00000000e00b0000,0x00000000e00b0000,0x00000000e9340000)
  from space 12416K, 72% used [0x00000000e9340000,0x00000000e9c00000,0x00000000e9f60000)
  to   space 12224K, 0% used [0x00000000ea9e0000,0x00000000ea9e0000,0x00000000eb5d0000)
 ParOldGen       total 949376K, used 927774K [0x00000000a0200000, 0x00000000da120000, 0x00000000e00b0000)
  object space 949376K, 97% used [0x00000000a0200000,0x00000000d8c07b20,0x00000000da120000)
 PSPermGen       total 29760K, used 29338K [0x000000009b000000, 0x000000009cd10000, 0x00000000a0200000)
  object space 29760K, 98% used [0x000000009b000000,0x000000009cca69f0,0x000000009cd10000)
}
Event: 3299.770 GC heap before
{Heap before GC invocations=5172 (full 36):
 PSYoungGen      total 162496K, used 159040K [0x00000000e00b0000, 0x00000000eb5d0000, 0x0000000100000000)
  eden space 150080K, 100% used [0x00000000e00b0000,0x00000000e9340000,0x00000000e9340000)
  from space 12416K, 72% used [0x00000000e9340000,0x00000000e9c00000,0x00000000e9f60000)
  to   space 12224K, 0% used [0x00000000ea9e0000,0x00000000ea9e0000,0x00000000eb5d0000)
 ParOldGen       total 949376K, used 927774K [0x00000000a0200000, 0x00000000da120000, 0x00000000e00b0000)
  object space 949376K, 97% used [0x00000000a0200000,0x00000000d8c07b20,0x00000000da120000)
 PSPermGen       total 29760K, used 29338K [0x000000009b000000, 0x000000009cd10000, 0x00000000a0200000)
  object space 29760K, 98% used [0x000000009b000000,0x000000009cca69f0,0x000000009cd10000)
Event: 3299.782 GC heap after
Heap after GC invocations=5172 (full 36):
 PSYoungGen      total 173248K, used 9728K [0x00000000e00b0000, 0x00000000eb5b0000, 0x0000000100000000)
  eden space 161152K, 0% used [0x00000000e00b0000,0x00000000e00b0000,0x00000000e9e10000)
  from space 12096K, 80% used [0x00000000ea9e0000,0x00000000eb360000,0x00000000eb5b0000)
  to   space 12096K, 0% used [0x00000000e9e10000,0x00000000e9e10000,0x00000000ea9e0000)
 ParOldGen       total 949376K, used 927894K [0x00000000a0200000, 0x00000000da120000, 0x00000000e00b0000)
  object space 949376K, 97% used [0x00000000a0200000,0x00000000d8c25b20,0x00000000da120000)
 PSPermGen       total 29760K, used 29338K [0x000000009b000000, 0x000000009cd10000, 0x00000000a0200000)
  object space 29760K, 98% used [0x000000009b000000,0x000000009cca69f0,0x000000009cd10000)
}
Event: 3302.888 GC heap before
{Heap before GC invocations=5173 (full 36):
 PSYoungGen      total 173248K, used 170880K [0x00000000e00b0000, 0x00000000eb5b0000, 0x0000000100000000)
  eden space 161152K, 100% used [0x00000000e00b0000,0x00000000e9e10000,0x00000000e9e10000)
  from space 12096K, 80% used [0x00000000ea9e0000,0x00000000eb360000,0x00000000eb5b0000)
  to   space 12096K, 0% used [0x00000000e9e10000,0x00000000e9e10000,0x00000000ea9e0000)
 ParOldGen       total 949376K, used 927894K [0x00000000a0200000, 0x00000000da120000, 0x00000000e00b0000)
  object space 949376K, 97% used [0x00000000a0200000,0x00000000d8c25b20,0x00000000da120000)
 PSPermGen       total 29760K, used 29338K [0x000000009b000000, 0x000000009cd10000, 0x00000000a0200000)
  object space 29760K, 98% used [0x000000009b000000,0x000000009cca69f0,0x000000009cd10000)
Event: 3302.899 GC heap after
Heap after GC invocations=5173 (full 36):
 PSYoungGen      total 173248K, used 10400K [0x00000000e00b0000, 0x00000000ec160000, 0x0000000100000000)
  eden space 161152K, 0% used [0x00000000e00b0000,0x00000000e00b0000,0x00000000e9e10000)
  from space 12096K, 85% used [0x00000000e9e10000,0x00000000ea838000,0x00000000ea9e0000)
  to   space 12224K, 0% used [0x00000000eb570000,0x00000000eb570000,0x00000000ec160000)
 ParOldGen       total 949376K, used 928030K [0x00000000a0200000, 0x00000000da120000, 0x00000000e00b0000)
  object space 949376K, 97% used [0x00000000a0200000,0x00000000d8c47b20,0x00000000da120000)
 PSPermGen       total 29760K, used 29338K [0x000000009b000000, 0x000000009cd10000, 0x00000000a0200000)
  object space 29760K, 98% used [0x000000009b000000,0x000000009cca69f0,0x000000009cd10000)
}

Deoptimization events (10 events):
Event: 765.214 Thread 0x0000000010b6b800 Uncommon trap -83 fr.pc 0x0000000002892e5c
Event: 765.214 Thread 0x0000000010b6b800 Uncommon trap -58 fr.pc 0x00000000028323ac
Event: 1285.726 Thread 0x0000000010b6b800 Uncommon trap -34 fr.pc 0x00000000028ecca0
Event: 1285.726 Thread 0x0000000010b6b800 Uncommon trap -34 fr.pc 0x00000000028fbf50
Event: 1285.726 Thread 0x0000000010b6b800 Uncommon trap -34 fr.pc 0x00000000028ecca0
Event: 1285.726 Thread 0x0000000010b6b800 Uncommon trap -34 fr.pc 0x00000000028fbf50
Event: 1285.726 Thread 0x0000000010b6b800 Uncommon trap -83 fr.pc 0x0000000002879c38
Event: 1285.727 Thread 0x00000000108c3800 Uncommon trap -83 fr.pc 0x0000000002901060
Event: 1285.729 Thread 0x00000000108c3800 Uncommon trap -83 fr.pc 0x00000000028fe3d4
Event: 1285.729 Thread 0x00000000108c3800 Uncommon trap -83 fr.pc 0x000000000288b684

Internal exceptions (10 events):
Event: 7.208 Thread 0x00000000108c6800 Threw 0x00000000e1d5ff90 at C:\jdk7u2_64p\jdk7u13\hotspot\src\share\vm\prims\jvm.cpp:1166
Event: 7.208 Thread 0x00000000108c6800 Threw 0x00000000e1d62100 at C:\jdk7u2_64p\jdk7u13\hotspot\src\share\vm\prims\jvm.cpp:1166
Event: 10.196 Thread 0x0000000010b6b800 Threw 0x00000000e0b03cb8 at C:\jdk7u2_64p\jdk7u13\hotspot\src\share\vm\interpreter\interpreterRuntime.cpp:347
Event: 15.307 Thread 0x00000000108c7800 Threw 0x00000000e09e2810 at C:\jdk7u2_64p\jdk7u13\hotspot\src\share\vm\prims\jvm.cpp:1166
Event: 15.307 Thread 0x00000000108c7800 Threw 0x00000000e09e5cd0 at C:\jdk7u2_64p\jdk7u13\hotspot\src\share\vm\prims\jvm.cpp:1166
Event: 23.339 Thread 0x000000000feed800 Implicit null exception at 0x000000000279e14e to 0x000000000279e775
Event: 32.596 Thread 0x000000000feed800 Implicit null exception at 0x00000000027d79ae to 0x00000000027d8039
Event: 41.869 Thread 0x000000000feed800 Implicit null exception at 0x0000000002830aff to 0x0000000002831085
Event: 94.772 Thread 0x000000000a67d800 Implicit null exception at 0x000000000282f8f9 to 0x000000000282fe7d
Event: 765.213 Thread 0x0000000010b6b800 Implicit null exception at 0x00000000028ce1d2 to 0x00000000028d44a5

Events (10 events):
Event: 3291.295 Executing VM operation: ParallelGCFailedAllocation
Event: 3291.305 Executing VM operation: ParallelGCFailedAllocation done
Event: 3293.984 Executing VM operation: ParallelGCFailedAllocation
Event: 3293.994 Executing VM operation: ParallelGCFailedAllocation done
Event: 3296.853 Executing VM operation: ParallelGCFailedAllocation
Event: 3296.863 Executing VM operation: ParallelGCFailedAllocation done
Event: 3299.770 Executing VM operation: ParallelGCFailedAllocation
Event: 3299.782 Executing VM operation: ParallelGCFailedAllocation done
Event: 3302.888 Executing VM operation: ParallelGCFailedAllocation
Event: 3302.899 Executing VM operation: ParallelGCFailedAllocation done


Dynamic libraries:
0x000000013fa00000 - 0x000000013fa33000 	C:\Program Files\Java\jdk1.7.0_13\bin\java.exe
0x0000000077bf0000 - 0x0000000077d99000 	C:\Windows\SYSTEM32\ntdll.dll
0x0000000077760000 - 0x000000007787f000 	C:\Windows\system32\kernel32.dll
0x000007fefe3b0000 - 0x000007fefe41b000 	C:\Windows\system32\KERNELBASE.dll
0x000007feffa60000 - 0x000007feffb3b000 	C:\Windows\system32\ADVAPI32.dll
0x000007feff460000 - 0x000007feff4ff000 	C:\Windows\system32\msvcrt.dll
0x000007fefe5e0000 - 0x000007fefe5ff000 	C:\Windows\SYSTEM32\sechost.dll
0x000007feff510000 - 0x000007feff63d000 	C:\Windows\system32\RPCRT4.dll
0x0000000077510000 - 0x000000007760a000 	C:\Windows\system32\USER32.dll
0x000007fefe570000 - 0x000007fefe5d7000 	C:\Windows\system32\GDI32.dll
0x000007fefe4c0000 - 0x000007fefe4ce000 	C:\Windows\system32\LPK.dll
0x000007fefe600000 - 0x000007fefe6c9000 	C:\Windows\system32\USP10.dll
0x000007fefc970000 - 0x000007fefcb64000 	C:\Windows\WinSxS\amd64_microsoft.windows.common-controls_6595b64144ccf1df_6.0.7601.17514_none_fa396087175ac9ac\COMCTL32.dll
0x000007feffe20000 - 0x000007feffe91000 	C:\Windows\system32\SHLWAPI.dll
0x000007feff7d0000 - 0x000007feff7fe000 	C:\Windows\system32\IMM32.DLL
0x000007feff6c0000 - 0x000007feff7c9000 	C:\Windows\system32\MSCTF.dll
0x000000006b500000 - 0x000000006b5d1000 	C:\Program Files\Java\jdk1.7.0_13\jre\bin\msvcr100.dll
0x0000000065c00000 - 0x000000006631f000 	C:\Program Files\Java\jdk1.7.0_13\jre\bin\server\jvm.dll
0x000007fef16a0000 - 0x000007fef16a9000 	C:\Windows\system32\WSOCK32.dll
0x000007feff800000 - 0x000007feff84d000 	C:\Windows\system32\WS2_32.dll
0x000007feff500000 - 0x000007feff508000 	C:\Windows\system32\NSI.dll
0x000007fefc110000 - 0x000007fefc14b000 	C:\Windows\system32\WINMM.dll
0x0000000077db0000 - 0x0000000077db7000 	C:\Windows\system32\PSAPI.DLL
0x0000000072330000 - 0x000000007233f000 	C:\Program Files\Java\jdk1.7.0_13\jre\bin\verify.dll
0x0000000072300000 - 0x0000000072328000 	C:\Program Files\Java\jdk1.7.0_13\jre\bin\java.dll
0x00000000721b0000 - 0x00000000721c5000 	C:\Program Files\Java\jdk1.7.0_13\jre\bin\zip.dll
0x000000006f8e0000 - 0x000000006f8ec000 	C:\Program Files\Java\jdk1.7.0_13\jre\bin\jsound.dll
0x000000006fd60000 - 0x000000006fd6b000 	C:\Program Files\Java\jdk1.7.0_13\jre\bin\jsoundds.dll
0x000007feee400000 - 0x000007feee488000 	C:\Windows\system32\DSOUND.dll
0x000007feff850000 - 0x000007feffa53000 	C:\Windows\system32\ole32.dll
0x000007fefcd10000 - 0x000007fefcd3c000 	C:\Windows\system32\POWRPROF.dll
0x000007feffc40000 - 0x000007feffe17000 	C:\Windows\system32\SETUPAPI.dll
0x000007fefe100000 - 0x000007fefe136000 	C:\Windows\system32\CFGMGR32.dll
0x000007feffb60000 - 0x000007feffc37000 	C:\Windows\system32\OLEAUT32.dll
0x000007fefe390000 - 0x000007fefe3aa000 	C:\Windows\system32\DEVOBJ.dll
0x000007fefdf80000 - 0x000007fefdf8f000 	C:\Windows\system32\CRYPTBASE.dll
0x000007fefc790000 - 0x000007fefc7e6000 	C:\Windows\system32\uxtheme.dll
0x000007fefcba0000 - 0x000007fefcbeb000 	C:\Windows\system32\MMDevAPI.DLL
0x000007fefc810000 - 0x000007fefc93c000 	C:\Windows\system32\PROPSYS.dll
0x000007fef68b0000 - 0x000007fef68eb000 	C:\Windows\system32\wdmaud.drv
0x0000000075300000 - 0x0000000075306000 	C:\Windows\system32\ksuser.dll
0x000007fefcbf0000 - 0x000007fefcbf9000 	C:\Windows\system32\AVRT.dll
0x000007fefbd20000 - 0x000007fefbd6f000 	C:\Windows\system32\AUDIOSES.DLL
0x000007fefb210000 - 0x000007fefb21a000 	C:\Windows\system32\msacm32.drv
0x000007fef7df0000 - 0x000007fef7e08000 	C:\Windows\system32\MSACM32.dll
0x000007fefa950000 - 0x000007fefa959000 	C:\Windows\system32\midimap.dll
0x000007fefe4d0000 - 0x000007fefe569000 	C:\Windows\system32\CLBCatQ.DLL
0x000007fefbfa0000 - 0x000007fefbfb8000 	C:\Windows\system32\dwmapi.dll
0x0000000072160000 - 0x000000007216b000 	C:\Program Files\Java\jdk1.7.0_13\jre\bin\management.dll
0x0000000072190000 - 0x00000000721a9000 	C:\Program Files\Java\jdk1.7.0_13\jre\bin\net.dll
0x000007fefd880000 - 0x000007fefd8d5000 	C:\Windows\system32\mswsock.dll
0x000007fefd870000 - 0x000007fefd877000 	C:\Windows\System32\wship6.dll
0x0000000072170000 - 0x0000000072181000 	C:\Program Files\Java\jdk1.7.0_13\jre\bin\nio.dll
0x000000006a580000 - 0x000000006a713000 	C:\Program Files\Java\jdk1.7.0_13\jre\bin\awt.dll
0x0000000065580000 - 0x000000006560f000 	C:\Users\Hanto\AppData\Local\Temp\libgdxHanto\3290670236\gdx64.dll
0x0000000180000000 - 0x0000000180050000 	C:\Users\Hanto\AppData\Local\Temp\libgdxHanto\1284024257\lwjgl64.dll
0x000007fef2f40000 - 0x000007fef305d000 	C:\Windows\system32\OPENGL32.dll
0x000007fef6880000 - 0x000007fef68ad000 	C:\Windows\system32\GLU32.dll
0x000007fef2e40000 - 0x000007fef2f31000 	C:\Windows\system32\DDRAW.dll
0x000007fef8320000 - 0x000007fef8328000 	C:\Windows\system32\DCIMAN32.dll
0x000007fefd190000 - 0x000007fefd19c000 	C:\Windows\system32\VERSION.dll
0x0000000005b20000 - 0x0000000005b84000 	C:\Users\Hanto\AppData\Local\Temp\libgdxHanto\1284024257\OpenAL64.dll
0x000007fefe6d0000 - 0x000007feff458000 	C:\Windows\system32\SHELL32.dll
0x000007fefd8e0000 - 0x000007fefd8f7000 	C:\Windows\system32\CRYPTSP.dll
0x000007fefd5e0000 - 0x000007fefd627000 	C:\Windows\system32\rsaenh.dll
0x000007fefd3a0000 - 0x000007fefd3be000 	C:\Windows\system32\USERENV.dll
0x000007fefe050000 - 0x000007fefe05f000 	C:\Windows\system32\profapi.dll
0x000007fefbf80000 - 0x000007fefbf95000 	C:\Windows\system32\NLAapi.dll
0x000007fef88e0000 - 0x000007fef88f5000 	C:\Windows\system32\napinsp.dll
0x000007fef88c0000 - 0x000007fef88d9000 	C:\Windows\system32\pnrpnsp.dll
0x0000000073f20000 - 0x0000000073f46000 	C:\Program Files\Bonjour\mdnsNSP.dll
0x000007fefbe30000 - 0x000007fefbe57000 	C:\Windows\system32\Iphlpapi.DLL
0x000007fefbe20000 - 0x000007fefbe2b000 	C:\Windows\system32\WINNSI.DLL
0x000007fefd700000 - 0x000007fefd75b000 	C:\Windows\system32\DNSAPI.dll
0x000007fef88b0000 - 0x000007fef88bb000 	C:\Windows\System32\winrnr.dll
0x000007fefd260000 - 0x000007fefd267000 	C:\Windows\System32\wshtcpip.dll
0x000007fef89e0000 - 0x000007fef89e8000 	C:\Windows\system32\rasadhlp.dll
0x000007fefbbd0000 - 0x000007fefbc23000 	C:\Windows\System32\fwpuclnt.dll
0x0000000070020000 - 0x0000000071a0b000 	C:\Windows\system32\nvoglv64.DLL
0x000007fefe1e0000 - 0x000007fefe219000 	C:\Windows\system32\WINTRUST.dll
0x000007fefe220000 - 0x000007fefe38a000 	C:\Windows\system32\CRYPT32.dll
0x000007fefe0f0000 - 0x000007fefe0ff000 	C:\Windows\system32\MSASN1.dll
0x000007fefcb70000 - 0x000007fefcb9d000 	C:\Windows\system32\ntmarta.dll
0x000007feffea0000 - 0x000007feffef2000 	C:\Windows\system32\WLDAP32.dll
0x000007feed310000 - 0x000007feed50f000 	C:\Windows\system32\d3d9.dll
0x000007fefcfd0000 - 0x000007fefcfd7000 	C:\Windows\system32\d3d8thk.dll
0x000007feea450000 - 0x000007feeb578000 	C:\Windows\system32\nvd3dumx.dll
0x0000000014b50000 - 0x0000000014ca5000 	C:\Program Files (x86)\NVIDIA Corporation\3D Vision\nvSCPAPI64.dll
0x000007fef9a90000 - 0x000007fef9d6f000 	C:\Windows\system32\nvapi64.dll
0x000007fef9d70000 - 0x000007fef9e0c000 	C:\Windows\system32\mscms.dll
0x000007fefb850000 - 0x000007fefb892000 	C:\Windows\system32\icm32.dll
0x000000006fd70000 - 0x000000006fda4000 	C:\Program Files\Java\jdk1.7.0_13\jre\bin\fontmanager.dll
0x000000006b670000 - 0x000000006b6b1000 	C:\Program Files\Java\jdk1.7.0_13\jre\bin\t2k.dll
0x000007fefb8b0000 - 0x000007fefb9da000 	C:\Windows\system32\WindowsCodecs.dll
0x000007fefdf20000 - 0x000007fefdf77000 	C:\Windows\system32\apphelp.dll
0x000007fef7510000 - 0x000007fef774b000 	C:\PROGRA~1\MICROS~1\Office15\GROOVEEX.DLL
0x0000000073da0000 - 0x0000000073e38000 	C:\Windows\system32\MSVCP100.dll
0x0000000073b80000 - 0x0000000073bab000 	C:\Windows\system32\ATL100.DLL
0x000007fef71f0000 - 0x000007fef7507000 	C:\Windows\system32\msi.dll
0x000007fef5370000 - 0x000007fef59a9000 	C:\PROGRA~1\MICROS~1\Office15\1033\GrooveIntlResource.dll
0x0000000073d80000 - 0x0000000073d96000 	C:\Program Files\Common Files\TortoiseOverlays\TortoiseOverlays.dll
0x0000000073b60000 - 0x0000000073b77000 	C:\Program Files\TortoiseGit\bin\TortoiseGitStub.dll
0x0000000073480000 - 0x000000007350f000 	C:\Program Files\TortoiseGit\bin\TortoiseGit.dll
0x000007fefb260000 - 0x000007fefb2f2000 	C:\Program Files\TortoiseGit\bin\libgit2.dll
0x000007fefcc00000 - 0x000007fefcc18000 	C:\Program Files\TortoiseGit\bin\zlib1.dll
0x000007fef7ec0000 - 0x000007fef7f94000 	C:\Windows\system32\MSVCR110.dll
0x000007fefa890000 - 0x000007fefa901000 	C:\Windows\system32\WINHTTP.dll
0x000007fefa5d0000 - 0x000007fefa634000 	C:\Windows\system32\webio.dll
0x000007fef6b10000 - 0x000007fef6d1f000 	C:\Program Files\TortoiseGit\bin\gitdll.dll
0x000007fefa960000 - 0x000007fefaa07000 	C:\Windows\system32\MSVCP110.dll
0x000007fef5050000 - 0x000007fef536b000 	C:\Program Files\TortoiseGit\bin\crshhndl.dll
0x000007fefc080000 - 0x000007fefc0aa000 	C:\Users\Hanto\AppData\Roaming\Dropbox\bin\DropboxExt64.17.dll
0x000007fef69e0000 - 0x000007fef6b05000 	C:\Windows\system32\dbghelp.dll
0x00000000733a0000 - 0x0000000073473000 	C:\Windows\WinSxS\amd64_microsoft.vc90.crt_1fc8b3b9a1e18e3b_9.0.30729.6161_none_08e61857a83bc251\MSVCP90.dll
0x00000000732f0000 - 0x0000000073393000 	C:\Windows\WinSxS\amd64_microsoft.vc90.crt_1fc8b3b9a1e18e3b_9.0.30729.6161_none_08e61857a83bc251\MSVCR90.dll

VM Arguments:
jvm_args: -Dfile.encoding=UTF-8 
java_command: Main.Myrran
Launcher Type: SUN_STANDARD

Environment Variables:
JAVA_HOME=C:\Program Files\Java\jdk1.7.0_13
CLASSPATH=C:\Program Files (x86)\Android\android-sdk\SDK Manager.exe;C:\Program Files (x86)\Android\android-sdk\tools;C:\Program Files (x86)\MySQL connector-java
PATH=C:\Program Files (x86)\NVIDIA Corporation\PhysX\Common;C:\Windows\system32;C:\Windows;C:\Windows\System32\Wbem;C:\Windows\System32\WindowsPowerShell\v1.0\;C:\Program Files\TortoiseGit\bin
USERNAME=Hanto
OS=Windows_NT
PROCESSOR_IDENTIFIER=Intel64 Family 6 Model 26 Stepping 5, GenuineIntel



---------------  S Y S T E M  ---------------

OS: Windows 7 , 64 bit Build 7601 Service Pack 1

CPU:total 8 (4 cores per cpu, 2 threads per core) family 6 model 26 stepping 5, cmov, cx8, fxsr, mmx, sse, sse2, sse3, ssse3, sse4.1, sse4.2, popcnt, ht, tsc, tscinvbit, tscinv

Memory: 4k page, physical 6281336k(752220k free), swap 25123488k(4728k free)

vm_info: Java HotSpot(TM) 64-Bit Server VM (23.7-b01) for windows-amd64 JRE (1.7.0_13-b20), built on Jan 30 2013 10:10:00 by "java_re" with unknown MS VC++:1600

time: Thu May 16 23:29:34 2013
elapsed time: 3304 seconds

